# JRE version: OpenJDK Runtime Environment Temurin-17.0.1+12 (17.0.1+12) (build 17.0.1+12)
# Java VM: OpenJDK 64-Bit Server VM Temurin-17.0.1+12 (17.0.1+12, mixed mode, tiered, compressed oops, compressed class ptrs, g1 gc, windows-amd64)
GC Precious Log:
 CPUs: 2 total, 2 available
 Memory: 3975M
 Large Page Support: Disabled
 NUMA Support: Disabled
 Compressed Oops: Enabled (32-bit)
 Heap Region Size: 1M
 Heap Min Capacity: 8M
 Heap Initial Capacity: 64M
 Heap Max Capacity: 994M
 Pre-touch: Disabled
 Parallel Workers: 2
 Concurrent Workers: 1
 Concurrent Refinement Workers: 2
 Periodic GC: Disabled
Heap:
 garbage-first heap   total 89088K, used 27108K [0x00000000c1e00000, 0x0000000100000000)
  region size 1024K, 3 young (3072K), 3 survivors (3072K)
 Metaspace       used 29348K, committed 29696K, reserved 1081344K
  class space    used 2986K, committed 3136K, reserved 1048576K
GC Heap History (20 events):
Event: 10.672 GC heap after
{Heap after GC invocations=15 (full 0):
 garbage-first heap   total 45056K, used 18378K [0x00000000c1e00000, 0x0000000100000000)
  region size 1024K, 1 young (1024K), 1 survivors (1024K)
 Metaspace       used 23373K, committed 23552K, reserved 1073152K
  class space    used 2360K, committed 2432K, reserved 1048576K
}
Event: 11.318 GC heap before
{Heap before GC invocations=16 (full 0):
 garbage-first heap   total 45056K, used 31690K [0x00000000c1e00000, 0x0000000100000000)
  region size 1024K, 15 young (15360K), 1 survivors (1024K)
 Metaspace       used 24345K, committed 24512K, reserved 1073152K
  class space    used 2460K, committed 2496K, reserved 1048576K
}
Event: 11.322 GC heap after
{Heap after GC invocations=17 (full 0):
 garbage-first heap   total 45056K, used 19085K [0x00000000c1e00000, 0x0000000100000000)
  region size 1024K, 2 young (2048K), 2 survivors (2048K)
 Metaspace       used 24345K, committed 24512K, reserved 1073152K
  class space    used 2460K, committed 2496K, reserved 1048576K
}
Event: 11.325 GC heap before
{Heap before GC invocations=17 (full 0):
 garbage-first heap   total 45056K, used 27277K [0x00000000c1e00000, 0x0000000100000000)
  region size 1024K, 3 young (3072K), 2 survivors (2048K)
 Metaspace       used 24345K, committed 24512K, reserved 1073152K
  class space    used 2460K, committed 2496K, reserved 1048576K
}
Event: 11.335 GC heap after
{Heap after GC invocations=18 (full 0):
 garbage-first heap   total 45056K, used 27342K [0x00000000c1e00000, 0x0000000100000000)
  region size 1024K, 1 young (1024K), 1 survivors (1024K)
 Metaspace       used 24345K, committed 24512K, reserved 1073152K
  class space    used 2460K, committed 2496K, reserved 1048576K
}
Event: 11.404 GC heap before
{Heap before GC invocations=19 (full 0):
 garbage-first heap   total 48128K, used 39630K [0x00000000c1e00000, 0x0000000100000000)
  region size 1024K, 2 young (2048K), 1 survivors (1024K)
 Metaspace       used 24345K, committed 24512K, reserved 1073152K
  class space    used 2460K, committed 2496K, reserved 1048576K
}
Event: 11.407 GC heap after
{Heap after GC invocations=20 (full 0):
 garbage-first heap   total 48128K, used 39613K [0x00000000c1e00000, 0x0000000100000000)
  region size 1024K, 1 young (1024K), 1 survivors (1024K)
 Metaspace       used 24345K, committed 24512K, reserved 1073152K
  class space    used 2460K, committed 2496K, reserved 1048576K
}
Event: 11.549 GC heap before
{Heap before GC invocations=21 (full 0):
 garbage-first heap   total 89088K, used 51901K [0x00000000c1e00000, 0x0000000100000000)
  region size 1024K, 2 young (2048K), 1 survivors (1024K)
 Metaspace       used 24383K, committed 24576K, reserved 1073152K
  class space    used 2464K, committed 2560K, reserved 1048576K
}
Event: 11.552 GC heap after
{Heap after GC invocations=22 (full 0):
 garbage-first heap   total 89088K, used 19156K [0x00000000c1e00000, 0x0000000100000000)
  region size 1024K, 1 young (1024K), 1 survivors (1024K)
 Metaspace       used 24383K, committed 24576K, reserved 1073152K
  class space    used 2464K, committed 2560K, reserved 1048576K
}
Event: 13.565 GC heap before
{Heap before GC invocations=22 (full 0):
 garbage-first heap   total 89088K, used 67284K [0x00000000c1e00000, 0x0000000100000000)
  region size 1024K, 48 young (49152K), 1 survivors (1024K)
 Metaspace       used 26408K, committed 26624K, reserved 1073152K
  class space    used 2630K, committed 2752K, reserved 1048576K
}
Event: 13.579 GC heap after
{Heap after GC invocations=23 (full 0):
 garbage-first heap   total 89088K, used 21651K [0x00000000c1e00000, 0x0000000100000000)
  region size 1024K, 3 young (3072K), 3 survivors (3072K)
 Metaspace       used 26408K, committed 26624K, reserved 1073152K
  class space    used 2630K, committed 2752K, reserved 1048576K
}
Event: 15.347 GC heap before
{Heap before GC invocations=23 (full 0):
 garbage-first heap   total 89088K, used 66707K [0x00000000c1e00000, 0x0000000100000000)
  region size 1024K, 48 young (49152K), 3 survivors (3072K)
 Metaspace       used 28216K, committed 28544K, reserved 1081344K
  class space    used 2837K, committed 3008K, reserved 1048576K
}
Event: 15.355 GC heap after
{Heap after GC invocations=24 (full 0):
 garbage-first heap   total 89088K, used 23837K [0x00000000c1e00000, 0x0000000100000000)
  region size 1024K, 5 young (5120K), 5 survivors (5120K)
 Metaspace       used 28216K, committed 28544K, reserved 1081344K
  class space    used 2837K, committed 3008K, reserved 1048576K
}
Event: 15.839 GC heap before
{Heap before GC invocations=24 (full 0):
 garbage-first heap   total 89088K, used 70941K [0x00000000c1e00000, 0x0000000100000000)
  region size 1024K, 50 young (51200K), 5 survivors (5120K)
 Metaspace       used 28953K, committed 29248K, reserved 1081344K
  class space    used 2927K, committed 3072K, reserved 1048576K
}
Event: 15.846 GC heap after
{Heap after GC invocations=25 (full 0):
 garbage-first heap   total 89088K, used 27086K [0x00000000c1e00000, 0x0000000100000000)
  region size 1024K, 5 young (5120K), 5 survivors (5120K)
 Metaspace       used 28953K, committed 29248K, reserved 1081344K
  class space    used 2927K, committed 3072K, reserved 1048576K
}
Event: 15.858 GC heap before
{Heap before GC invocations=25 (full 0):
 garbage-first heap   total 89088K, used 69070K [0x00000000c1e00000, 0x0000000100000000)
  region size 1024K, 47 young (48128K), 5 survivors (5120K)
 Metaspace       used 28953K, committed 29248K, reserved 1081344K
  class space    used 2927K, committed 3072K, reserved 1048576K
}
Event: 15.862 GC heap after
{Heap after GC invocations=26 (full 0):
 garbage-first heap   total 89088K, used 26999K [0x00000000c1e00000, 0x0000000100000000)
  region size 1024K, 3 young (3072K), 3 survivors (3072K)
 Metaspace       used 28953K, committed 29248K, reserved 1081344K
  class space    used 2927K, committed 3072K, reserved 1048576K
}
Event: 15.974 GC heap before
{Heap before GC invocations=26 (full 0):
 garbage-first heap   total 89088K, used 70007K [0x00000000c1e00000, 0x0000000100000000)
  region size 1024K, 46 young (47104K), 3 survivors (3072K)
 Metaspace       used 28954K, committed 29248K, reserved 1081344K
  class space    used 2927K, committed 3072K, reserved 1048576K
}
Event: 15.977 GC heap after
{Heap after GC invocations=27 (full 0):
 garbage-first heap   total 89088K, used 25836K [0x00000000c1e00000, 0x0000000100000000)
  region size 1024K, 3 young (3072K), 3 survivors (3072K)
 Metaspace       used 28954K, committed 29248K, reserved 1081344K
  class space    used 2927K, committed 3072K, reserved 1048576K
}
Event: 16.445 GC heap before
{Heap before GC invocations=27 (full 0):
 garbage-first heap   total 89088K, used 72940K [0x00000000c1e00000, 0x0000000100000000)
  region size 1024K, 48 young (49152K), 3 survivors (3072K)
 Metaspace       used 29348K, committed 29696K, reserved 1081344K
  class space    used 2986K, committed 3136K, reserved 1048576K
}

